#
# There is insufficient memory for the Java Runtime Environment to continue.
# Native memory allocation (mmap) failed to map 167247872 bytes for committing reserved memory.
# Possible reasons:
#   The system is out of physical RAM or swap space
#   The process is running with CompressedOops enabled, and the Java Heap may be blocking the growth of the native heap
# Possible solutions:
#   Reduce memory load on the system
#   Increase physical memory or swap space
#   Check if swap backing store is full
#   Decrease Java heap size (-Xmx/-Xms)
#   Decrease number of Java threads
#   Decrease Java thread stack sizes (-Xss)
#   Set larger code cache with -XX:ReservedCodeCacheSize=
#   JVM is running with Unscaled Compressed Oops mode in which the Java heap is
#     placed in the first 4GB address space. The Java Heap base address is the
#     maximum limit for the native heap growth. Please use -XX:HeapBaseMinAddress
#     to set the Java Heap base and to place the Java Heap above 4GB virtual address.
# This output file may be truncated or incomplete.
#
#  Out of Memory Error (os_linux.cpp:2757), pid=7215, tid=0x00007f8a735f5700
#
# JRE version: OpenJDK Runtime Environment (8.0_222-b10) (build 1.8.0_222-8u222-b10-1ubuntu1~18.04.1-b10)
# Java VM: OpenJDK 64-Bit Server VM (25.222-b10 mixed mode linux-amd64 compressed oops)
# Failed to write core dump. Core dumps have been disabled. To enable core dumping, try "ulimit -c unlimited" before starting Java again
#

---------------  T H R E A D  ---------------

Current thread (0x00007f8a90145800):  VMThread [stack: 0x00007f8a734f6000,0x00007f8a735f6000] [id=7236]

Stack: [0x00007f8a734f6000,0x00007f8a735f6000],  sp=0x00007f8a735f4470,  free space=1017k
Native frames: (J=compiled Java code, j=interpreted, Vv=VM code, C=native code)
V  [libjvm.so+0xab8992]
V  [libjvm.so+0x4dbfd7]
V  [libjvm.so+0x8f33a0]
V  [libjvm.so+0x8ea46e]
V  [libjvm.so+0x96e106]
V  [libjvm.so+0x96f478]
V  [libjvm.so+0x96ba76]
V  [libjvm.so+0x9641f9]
V  [libjvm.so+0x457273]
V  [libjvm.so+0xab9b11]
V  [libjvm.so+0xabf1d6]
V  [libjvm.so+0xabd4d5]
V  [libjvm.so+0xabddad]
V  [libjvm.so+0xabe1b8]
V  [libjvm.so+0x8f0732]

VM_Operation (0x00007f8a9894f370): CollectForMetadataAllocation, mode: safepoint, requested by thread 0x00007f8a90011000


---------------  P R O C E S S  ---------------

Java Threads: ( => current thread )
  0x00007f8a28001000 JavaThread "HikariPool-1 connection adder" daemon [_thread_blocked, id=7269, stack(0x00007f8a500ad000,0x00007f8a501ae000)]
  0x00007f8a912d3000 JavaThread "HikariPool-1 housekeeper" daemon [_thread_blocked, id=7268, stack(0x00007f8a70089000,0x00007f8a7018a000)]
  0x00007f8a90dd9000 JavaThread "mysql-cj-abandoned-connection-cleanup" daemon [_thread_blocked, id=7267, stack(0x00007f8a70391000,0x00007f8a70492000)]
  0x00007f8a90d31800 JavaThread "container-0" [_thread_blocked, id=7266, stack(0x00007f8a70692000,0x00007f8a70793000)]
  0x00007f8a343e3800 JavaThread "Catalina-utility-2" [_thread_blocked, id=7265, stack(0x00007f8a70793000,0x00007f8a70894000)]
  0x00007f8a90dc9800 JavaThread "Catalina-utility-1" [_thread_blocked, id=7264, stack(0x00007f8a721b6000,0x00007f8a722b7000)]
  0x00007f8a54001000 JavaThread "Attach Listener" daemon [_thread_blocked, id=7252, stack(0x00007f8a720b5000,0x00007f8a721b6000)]
  0x00007f8a9063c000 JavaThread "Service Thread" daemon [_thread_blocked, id=7244, stack(0x00007f8a723b8000,0x00007f8a724b9000)]
  0x00007f8a90629000 JavaThread "C1 CompilerThread2" daemon [_thread_blocked, id=7243, stack(0x00007f8a724ba000,0x00007f8a725ba000)]
  0x00007f8a90624800 JavaThread "C2 CompilerThread1" daemon [_thread_blocked, id=7242, stack(0x00007f8a725bb000,0x00007f8a726bb000)]
  0x00007f8a90623000 JavaThread "C2 CompilerThread0" daemon [_thread_blocked, id=7241, stack(0x00007f8a728d3000,0x00007f8a729d3000)]
  0x00007f8a90627000 JavaThread "Monitor Ctrl-Break" daemon [_thread_in_native, id=7240, stack(0x00007f8a729d3000,0x00007f8a72ad4000)]
  0x00007f8a90185800 JavaThread "Signal Dispatcher" daemon [_thread_blocked, id=7239, stack(0x00007f8a72de3000,0x00007f8a72ee4000)]
  0x00007f8a90152000 JavaThread "Finalizer" daemon [_thread_blocked, id=7238, stack(0x00007f8a732f3000,0x00007f8a733f4000)]
  0x00007f8a9014f800 JavaThread "Reference Handler" daemon [_thread_blocked, id=7237, stack(0x00007f8a733f4000,0x00007f8a734f5000)]
  0x00007f8a90011000 JavaThread "main" [_thread_blocked, id=7217, stack(0x00007f8a98853000,0x00007f8a98953000)]

Other Threads:
=>0x00007f8a90145800 VMThread [stack: 0x00007f8a734f6000,0x00007f8a735f6000] [id=7236]
  0x00007f8a9063f000 WatcherThread [stack: 0x00007f8a722b8000,0x00007f8a723b8000] [id=7245]

VM state:at safepoint (normal execution)

VM Mutex/Monitor currently owned by a thread:  ([mutex/lock_event])
[0x00007f8a9000d660] Threads_lock - owner thread: 0x00007f8a90145800
[0x00007f8a9000db60] Heap_lock - owner thread: 0x00007f8a90011000

heap address: 0x0000000084a00000, size: 1974 MB, Compressed Oops mode: 32-bit
Narrow klass base: 0x0000000000000000, Narrow klass shift: 3
Compressed class space size: 1073741824 Address: 0x0000000100000000

Heap:
 PSYoungGen      total 399360K, used 14033K [0x00000000d6e00000, 0x00000000f0a00000, 0x0000000100000000)
  eden space 379904K, 0% used [0x00000000d6e00000,0x00000000d6e00000,0x00000000ee100000)
  from space 19456K, 72% used [0x00000000ee400000,0x00000000ef1b4668,0x00000000ef700000)
  to   space 12288K, 0% used [0x00000000efe00000,0x00000000efe00000,0x00000000f0a00000)
 ParOldGen       total 65024K, used 25122K [0x0000000084a00000, 0x0000000088980000, 0x00000000d6e00000)
  object space 65024K, 38% used [0x0000000084a00000,0x00000000862888e8,0x0000000088980000)
 Metaspace       used 56200K, capacity 58930K, committed 59028K, reserved 1099776K
  class space    used 7574K, capacity 8057K, committed 8152K, reserved 1048576K

Card table byte_map: [0x00007f8a94832000,0x00007f8a94c0e000] byte_map_base: 0x00007f8a9440d000

Marking Bits: (ParMarkBitMap*) 0x00007f8a97b18360
 Begin Bits: [0x00007f8a78250000, 0x00007f8a7a128000)
 End Bits:   [0x00007f8a7a128000, 0x00007f8a7c000000)

Polling page: 0x00007f8a98999000

CodeCache: size=245760Kb used=15521Kb max_used=15857Kb free=230238Kb
 bounds [0x00007f8a81000000, 0x00007f8a81fd0000, 0x00007f8a90000000]
 total_blobs=4925 nmethods=4378 adapters=461
 compilation: enabled

Compilation events (10 events):
Event: 42,676 Thread 0x00007f8a90629000 4978       3       org.springframework.core.annotation.AnnotationTypeMapping$MirrorSets$MirrorSet::resolve (258 bytes)
Event: 42,677 Thread 0x00007f8a90624800 4979       4       java.util.AbstractCollection::addAll (42 bytes)
Event: 42,678 Thread 0x00007f8a90624800 nmethod 4979 0x00007f8a811587d0 code [0x00007f8a81158920, 0x00007f8a81158a38]
Event: 42,679 Thread 0x00007f8a90629000 nmethod 4978 0x00007f8a817f0990 code [0x00007f8a817f0da0, 0x00007f8a817f3658]
Event: 42,679 Thread 0x00007f8a90629000 4980       3       org.springframework.core.annotation.TypeMappedAnnotation::getAttributeIndex (83 bytes)
Event: 42,680 Thread 0x00007f8a90629000 nmethod 4980 0x00007f8a81ac5bd0 code [0x00007f8a81ac5ea0, 0x00007f8a81ac73e8]
Event: 42,680 Thread 0x00007f8a90629000 4977   !   3       com.sun.proxy.$Proxy12::attribute (29 bytes)
Event: 42,680 Thread 0x00007f8a90629000 nmethod 4977 0x00007f8a81a61d10 code [0x00007f8a81a61ea0, 0x00007f8a81a622b8]
Event: 42,680 Thread 0x00007f8a90629000 4981       3       org.springframework.util.ObjectUtils::arrayEquals (290 bytes)
Event: 42,681 Thread 0x00007f8a90629000 nmethod 4981 0x00007f8a81b1cd90 code [0x00007f8a81b1d0e0, 0x00007f8a81b1f948]

GC Heap History (10 events):
Event: 11,679 GC heap after
Heap after GC invocations=6 (full 1):
 PSYoungGen      total 132096K, used 5106K [0x00000000d6e00000, 0x00000000e5a00000, 0x0000000100000000)
  eden space 126976K, 0% used [0x00000000d6e00000,0x00000000d6e00000,0x00000000dea00000)
  from space 5120K, 99% used [0x00000000dea00000,0x00000000deefca60,0x00000000def00000)
  to   space 10752K, 0% used [0x00000000e4f80000,0x00000000e4f80000,0x00000000e5a00000)
 ParOldGen       total 52736K, used 11321K [0x0000000084a00000, 0x0000000087d80000, 0x00000000d6e00000)
  object space 52736K, 21% used [0x0000000084a00000,0x000000008550e5c0,0x0000000087d80000)
 Metaspace       used 24864K, capacity 25946K, committed 26240K, reserved 1073152K
  class space    used 3154K, capacity 3389K, committed 3456K, reserved 1048576K
}
Event: 14,933 GC heap before
{Heap before GC invocations=7 (full 1):
 PSYoungGen      total 132096K, used 132082K [0x00000000d6e00000, 0x00000000e5a00000, 0x0000000100000000)
  eden space 126976K, 100% used [0x00000000d6e00000,0x00000000dea00000,0x00000000dea00000)
  from space 5120K, 99% used [0x00000000dea00000,0x00000000deefca60,0x00000000def00000)
  to   space 10752K, 0% used [0x00000000e4f80000,0x00000000e4f80000,0x00000000e5a00000)
 ParOldGen       total 52736K, used 11321K [0x0000000084a00000, 0x0000000087d80000, 0x00000000d6e00000)
  object space 52736K, 21% used [0x0000000084a00000,0x000000008550e5c0,0x0000000087d80000)
 Metaspace       used 31590K, capacity 33198K, committed 33280K, reserved 1079296K
  class space    used 4040K, capacity 4337K, committed 4352K, reserved 1048576K
Event: 14,993 GC heap after
Heap after GC invocations=7 (full 1):
 PSYoungGen      total 229376K, used 10735K [0x00000000d6e00000, 0x00000000e5f00000, 0x0000000100000000)
  eden space 218624K, 0% used [0x00000000d6e00000,0x00000000d6e00000,0x00000000e4380000)
  from space 10752K, 99% used [0x00000000e4f80000,0x00000000e59fbf58,0x00000000e5a00000)
  to   space 12288K, 0% used [0x00000000e4380000,0x00000000e4380000,0x00000000e4f80000)
 ParOldGen       total 52736K, used 11395K [0x0000000084a00000, 0x0000000087d80000, 0x00000000d6e00000)
  object space 52736K, 21% used [0x0000000084a00000,0x0000000085520ee0,0x0000000087d80000)
 Metaspace       used 31590K, capacity 33198K, committed 33280K, reserved 1079296K
  class space    used 4040K, capacity 4337K, committed 4352K, reserved 1048576K
}
Event: 15,919 GC heap before
{Heap before GC invocations=8 (full 1):
 PSYoungGen      total 229376K, used 40726K [0x00000000d6e00000, 0x00000000e5f00000, 0x0000000100000000)
  eden space 218624K, 13% used [0x00000000d6e00000,0x00000000d8b49b80,0x00000000e4380000)
  from space 10752K, 99% used [0x00000000e4f80000,0x00000000e59fbf58,0x00000000e5a00000)
  to   space 12288K, 0% used [0x00000000e4380000,0x00000000e4380000,0x00000000e4f80000)
 ParOldGen       total 52736K, used 11395K [0x0000000084a00000, 0x0000000087d80000, 0x00000000d6e00000)
  object space 52736K, 21% used [0x0000000084a00000,0x0000000085520ee0,0x0000000087d80000)
 Metaspace       used 33679K, capacity 35360K, committed 35416K, reserved 1079296K
  class space    used 4338K, capacity 4666K, committed 4696K, reserved 1048576K
Event: 15,960 GC heap after
Heap after GC invocations=8 (full 1):
 PSYoungGen      total 230912K, used 8132K [0x00000000d6e00000, 0x00000000f0a00000, 0x0000000100000000)
  eden space 218624K, 0% used [0x00000000d6e00000,0x00000000d6e00000,0x00000000e4380000)
  from space 12288K, 66% used [0x00000000e4380000,0x00000000e4b71038,0x00000000e4f80000)
  to   space 12288K, 0% used [0x00000000efe00000,0x00000000efe00000,0x00000000f0a00000)
 ParOldGen       total 52736K, used 11403K [0x0000000084a00000, 0x0000000087d80000, 0x00000000d6e00000)
  object space 52736K, 21% used [0x0000000084a00000,0x0000000085522ee0,0x0000000087d80000)
 Metaspace       used 33679K, capacity 35360K, committed 35416K, reserved 1079296K
  class space    used 4338K, capacity 4666K, committed 4696K, reserved 1048576K
}
Event: 15,960 GC heap before
{Heap before GC invocations=9 (full 2):
 PSYoungGen      total 230912K, used 8132K [0x00000000d6e00000, 0x00000000f0a00000, 0x0000000100000000)
  eden space 218624K, 0% used [0x00000000d6e00000,0x00000000d6e00000,0x00000000e4380000)
  from space 12288K, 66% used [0x00000000e4380000,0x00000000e4b71038,0x00000000e4f80000)
  to   space 12288K, 0% used [0x00000000efe00000,0x00000000efe00000,0x00000000f0a00000)
 ParOldGen       total 52736K, used 11403K [0x0000000084a00000, 0x0000000087d80000, 0x00000000d6e00000)
  object space 52736K, 21% used [0x0000000084a00000,0x0000000085522ee0,0x0000000087d80000)
 Metaspace       used 33679K, capacity 35360K, committed 35416K, reserved 1079296K
  class space    used 4338K, capacity 4666K, committed 4696K, reserved 1048576K
Event: 16,031 GC heap after
Heap after GC invocations=9 (full 2):
 PSYoungGen      total 230912K, used 0K [0x00000000d6e00000, 0x00000000f0a00000, 0x0000000100000000)
  eden space 218624K, 0% used [0x00000000d6e00000,0x00000000d6e00000,0x00000000e4380000)
  from space 12288K, 0% used [0x00000000e4380000,0x00000000e4380000,0x00000000e4f80000)
  to   space 12288K, 0% used [0x00000000efe00000,0x00000000efe00000,0x00000000f0a00000)
 ParOldGen       total 65024K, used 12217K [0x0000000084a00000, 0x0000000088980000, 0x00000000d6e00000)
  object space 65024K, 18% used [0x0000000084a00000,0x00000000855ee7d8,0x0000000088980000)
 Metaspace       used 33679K, capacity 35360K, committed 35416K, reserved 1079296K
  class space    used 4338K, capacity 4666K, committed 4696K, reserved 1048576K
}
Event: 26,374 GC heap before
{Heap before GC invocations=10 (full 2):
 PSYoungGen      total 230912K, used 218624K [0x00000000d6e00000, 0x00000000f0a00000, 0x0000000100000000)
  eden space 218624K, 100% used [0x00000000d6e00000,0x00000000e4380000,0x00000000e4380000)
  from space 12288K, 0% used [0x00000000e4380000,0x00000000e4380000,0x00000000e4f80000)
  to   space 12288K, 0% used [0x00000000efe00000,0x00000000efe00000,0x00000000f0a00000)
 ParOldGen       total 65024K, used 12217K [0x0000000084a00000, 0x0000000088980000, 0x00000000d6e00000)
  object space 65024K, 18% used [0x0000000084a00000,0x00000000855ee7d8,0x0000000088980000)
 Metaspace       used 54070K, capacity 56660K, committed 56664K, reserved 1097728K
  class space    used 7288K, capacity 7766K, committed 7768K, reserved 1048576K
Event: 26,423 GC heap after
Heap after GC invocations=10 (full 2):
 PSYoungGen      total 392192K, used 12274K [0x00000000d6e00000, 0x00000000f0a00000, 0x0000000100000000)
  eden space 379904K, 0% used [0x00000000d6e00000,0x00000000d6e00000,0x00000000ee100000)
  from space 12288K, 99% used [0x00000000efe00000,0x00000000f09fc9c8,0x00000000f0a00000)
  to   space 19456K, 0% used [0x00000000ee400000,0x00000000ee400000,0x00000000ef700000)
 ParOldGen       total 65024K, used 25114K [0x0000000084a00000, 0x0000000088980000, 0x00000000d6e00000)
  object space 65024K, 38% used [0x0000000084a00000,0x00000000862868e8,0x0000000088980000)
 Metaspace       used 54070K, capacity 56660K, committed 56664K, reserved 1097728K
  class space    used 7288K, capacity 7766K, committed 7768K, reserved 1048576K
}
Event: 42,899 GC heap before
{Heap before GC invocations=11 (full 2):
 PSYoungGen      total 392192K, used 71335K [0x00000000d6e00000, 0x00000000f0a00000, 0x0000000100000000)
  eden space 379904K, 15% used [0x00000000d6e00000,0x00000000da7ad300,0x00000000ee100000)
  from space 12288K, 99% used [0x00000000efe00000,0x00000000f09fc9c8,0x00000000f0a00000)
  to   space 19456K, 0% used [0x00000000ee400000,0x00000000ee400000,0x00000000ef700000)
 ParOldGen       total 65024K, used 25114K [0x0000000084a00000, 0x0000000088980000, 0x00000000d6e00000)
  object space 65024K, 38% used [0x0000000084a00000,0x00000000862868e8,0x0000000088980000)
 Metaspace       used 56200K, capacity 58930K, committed 59028K, reserved 1099776K
  class space    used 7574K, capacity 8057K, committed 8152K, reserved 1048576K

Deoptimization events (10 events):
Event: 28,171 Thread 0x00007f8a90011000 Uncommon trap: reason=class_check action=maybe_recompile pc=0x00007f8a817af77c method=org.springframework.core.ResolvableType.resolveType()Lorg/springframework/core/ResolvableType; @ 101
Event: 28,173 Thread 0x00007f8a90011000 Uncommon trap: reason=unstable_if action=reinterpret pc=0x00007f8a81d53d00 method=org.springframework.beans.factory.support.AbstractBeanFactory.isTypeMatch(Ljava/lang/String;Lorg/springframework/core/ResolvableType;Z)Z @ 581
Event: 30,694 Thread 0x00007f8a90011000 Uncommon trap: reason=class_check action=maybe_recompile pc=0x00007f8a81880990 method=sun.reflect.generics.reflectiveObjects.TypeVariableImpl.hashCode()I @ 4
Event: 30,694 Thread 0x00007f8a90011000 Uncommon trap: reason=class_check action=maybe_recompile pc=0x00007f8a81880990 method=sun.reflect.generics.reflectiveObjects.TypeVariableImpl.hashCode()I @ 4
Event: 30,694 Thread 0x00007f8a90011000 Uncommon trap: reason=class_check action=maybe_recompile pc=0x00007f8a81880990 method=sun.reflect.generics.reflectiveObjects.TypeVariableImpl.hashCode()I @ 4
Event: 30,694 Thread 0x00007f8a90011000 Uncommon trap: reason=class_check action=maybe_recompile pc=0x00007f8a81880990 method=sun.reflect.generics.reflectiveObjects.TypeVariableImpl.hashCode()I @ 4
Event: 30,696 Thread 0x00007f8a90011000 Uncommon trap: reason=unstable_if action=reinterpret pc=0x00007f8a818d13cc method=java.util.concurrent.ConcurrentHashMap.putVal(Ljava/lang/Object;Ljava/lang/Object;Z)Ljava/lang/Object; @ 331
Event: 30,925 Thread 0x00007f8a90011000 Uncommon trap: reason=unstable_if action=reinterpret pc=0x00007f8a8190fcd0 method=java.util.concurrent.ConcurrentHashMap.get(Ljava/lang/Object;)Ljava/lang/Object; @ 86
Event: 35,588 Thread 0x00007f8a90011000 Uncommon trap: reason=unstable_if action=reinterpret pc=0x00007f8a81e83590 method=org.springframework.core.ResolvableType.resolveType()Lorg/springframework/core/ResolvableType; @ 37
Event: 42,599 Thread 0x00007f8a90011000 Uncommon trap: reason=unstable_if action=reinterpret pc=0x00007f8a81e335d0 method=org.springframework.core.annotation.TypeMappedAnnotations$IsPresent.doWithAnnotations(Ljava/lang/Object;ILjava/lang/Object;[Ljava/lang/annotation/Annotation;)Ljava/lang/Bool

Classes redefined (0 events):
No events

Internal exceptions (10 events):
Event: 27,361 Thread 0x00007f8a90011000 Exception <a 'java/lang/ClassNotFoundException': java/lang/ObjectCustomizer> (0x00000000d7105320) thrown at [/build/openjdk-8-OqY7zN/openjdk-8-8u222-b10/src/hotspot/src/share/vm/classfile/systemDictionary.cpp, line 210]
Event: 27,361 Thread 0x00007f8a90011000 Exception <a 'java/lang/ClassNotFoundException': org/springframework/web/servlet/config/annotation/WebMvcConfigurationSupportCustomizer> (0x00000000d7130490) thrown at [/build/openjdk-8-OqY7zN/openjdk-8-8u222-b10/src/hotspot/src/share/vm/classfile/systemD
Event: 27,362 Thread 0x00007f8a90011000 Exception <a 'java/lang/ClassNotFoundException': org/springframework/web/servlet/config/annotation/DelegatingWebMvcConfigurationCustomizer> (0x00000000d716d780) thrown at [/build/openjdk-8-OqY7zN/openjdk-8-8u222-b10/src/hotspot/src/share/vm/classfile/syst
Event: 27,363 Thread 0x00007f8a90011000 Exception <a 'java/lang/ClassNotFoundException': org/springframework/boot/autoconfigure/web/servlet/WebMvcAutoConfiguration$EnableWebMvcConfigurationCustomizer> (0x00000000d71a2620) thrown at [/build/openjdk-8-OqY7zN/openjdk-8-8u222-b10/src/hotspot/src/sh
Event: 27,364 Thread 0x00007f8a90011000 Exception <a 'java/lang/ClassNotFoundException': org/springframework/context/ResourceLoaderAwareCustomizer> (0x00000000d71d09a8) thrown at [/build/openjdk-8-OqY7zN/openjdk-8-8u222-b10/src/hotspot/src/share/vm/classfile/systemDictionary.cpp, line 210]
Event: 27,364 Thread 0x00007f8a90011000 Exception <a 'java/lang/ClassNotFoundException': org/springframework/beans/factory/AwareCustomizer> (0x00000000d71eb640) thrown at [/build/openjdk-8-OqY7zN/openjdk-8-8u222-b10/src/hotspot/src/share/vm/classfile/systemDictionary.cpp, line 210]
Event: 27,365 Thread 0x00007f8a90011000 Exception <a 'java/lang/ClassNotFoundException': org/springframework/context/ApplicationContextAwareCustomizer> (0x00000000d7209ca0) thrown at [/build/openjdk-8-OqY7zN/openjdk-8-8u222-b10/src/hotspot/src/share/vm/classfile/systemDictionary.cpp, line 210]
Event: 27,365 Thread 0x00007f8a90011000 Exception <a 'java/lang/ClassNotFoundException': org/springframework/beans/factory/AwareCustomizer> (0x00000000d7224f40) thrown at [/build/openjdk-8-OqY7zN/openjdk-8-8u222-b10/src/hotspot/src/share/vm/classfile/systemDictionary.cpp, line 210]
Event: 27,365 Thread 0x00007f8a90011000 Exception <a 'java/lang/ClassNotFoundException': org/springframework/web/context/ServletContextAwareCustomizer> (0x00000000d7243530) thrown at [/build/openjdk-8-OqY7zN/openjdk-8-8u222-b10/src/hotspot/src/share/vm/classfile/systemDictionary.cpp, line 210]
Event: 27,366 Thread 0x00007f8a90011000 Exception <a 'java/lang/ClassNotFoundException': org/springframework/beans/factory/AwareCustomizer> (0x00000000d725e240) thrown at [/build/openjdk-8-OqY7zN/openjdk-8-8u222-b10/src/hotspot/src/share/vm/classfile/systemDictionary.cpp, line 210]

Events (10 events):
Event: 42,673 loading class org/springframework/web/servlet/mvc/condition/AbstractMediaTypeExpression done
Event: 42,673 loading class org/springframework/web/servlet/mvc/condition/MediaTypeExpression
Event: 42,673 loading class org/springframework/web/servlet/mvc/condition/MediaTypeExpression done
Event: 42,673 loading class org/springframework/web/servlet/mvc/condition/ProducesRequestCondition$ProduceMediaTypeExpression
Event: 42,673 loading class org/springframework/web/servlet/mvc/condition/ProducesRequestCondition$ProduceMediaTypeExpression done
Event: 42,674 loading class org/springframework/web/servlet/mvc/condition/RequestConditionHolder
Event: 42,674 loading class org/springframework/web/servlet/mvc/condition/RequestConditionHolder done
Event: 42,678 loading class org/springframework/web/servlet/handler/AbstractHandlerMethodMapping
Event: 42,678 loading class org/springframework/web/servlet/handler/AbstractHandlerMethodMapping done
Event: 42,792 Executing VM operation: CollectForMetadataAllocation


Dynamic libraries:
84a00000-88980000 rw-p 00000000 00:00 0 
88980000-d6e00000 ---p 00000000 00:00 0 
d6e00000-f0a00000 rw-p 00000000 00:00 0 
fa980000-100000000 ---p 00000000 00:00 0 
100000000-1007f6000 rw-p 00000000 00:00 0 
1007f6000-140000000 ---p 00000000 00:00 0 
559246e2b000-559246e2c000 r-xp 00000000 08:01 29754473                   /usr/lib/jvm/java-8-openjdk-amd64/jre/bin/java
55924702b000-55924702c000 r--p 00000000 08:01 29754473                   /usr/lib/jvm/java-8-openjdk-amd64/jre/bin/java
55924702c000-55924702d000 rw-p 00001000 08:01 29754473                   /usr/lib/jvm/java-8-openjdk-amd64/jre/bin/java
559248d29000-559248d4a000 rw-p 00000000 00:00 0                          [heap]
7f8a1c000000-7f8a1c03d000 rw-p 00000000 00:00 0 
7f8a1c03d000-7f8a20000000 ---p 00000000 00:00 0 
7f8a23318000-7f8a234c7000 rw-p 00000000 00:00 0 
7f8a234c7000-7f8a23518000 ---p 00000000 00:00 0 
7f8a23518000-7f8a23718000 rw-p 00000000 00:00 0 
7f8a23718000-7f8a23918000 rw-p 00000000 00:00 0 
7f8a23a00000-7f8a23c00000 rw-p 00000000 00:00 0 
7f8a23c00000-7f8a23e00000 rw-p 00000000 00:00 0 
7f8a23e00000-7f8a24000000 rw-p 00000000 00:00 0 
7f8a24000000-7f8a24021000 rw-p 00000000 00:00 0 
7f8a24021000-7f8a28000000 ---p 00000000 00:00 0 
7f8a28000000-7f8a28021000 rw-p 00000000 00:00 0 
7f8a28021000-7f8a2c000000 ---p 00000000 00:00 0 
7f8a2c000000-7f8a2c021000 rw-p 00000000 00:00 0 
7f8a2c021000-7f8a30000000 ---p 00000000 00:00 0 
7f8a30000000-7f8a30021000 rw-p 00000000 00:00 0 
7f8a30021000-7f8a34000000 ---p 00000000 00:00 0 
7f8a34000000-7f8a343e8000 rw-p 00000000 00:00 0 
7f8a343e8000-7f8a38000000 ---p 00000000 00:00 0 
7f8a38000000-7f8a38021000 rw-p 00000000 00:00 0 
7f8a38021000-7f8a3c000000 ---p 00000000 00:00 0 
7f8a3c000000-7f8a3c021000 rw-p 00000000 00:00 0 
7f8a3c021000-7f8a40000000 ---p 00000000 00:00 0 
7f8a40000000-7f8a40021000 rw-p 00000000 00:00 0 
7f8a40021000-7f8a44000000 ---p 00000000 00:00 0 
7f8a44000000-7f8a4658f000 rw-p 00000000 00:00 0 
7f8a4658f000-7f8a48000000 ---p 00000000 00:00 0 
7f8a48000000-7f8a48701000 rw-p 00000000 00:00 0 
7f8a48701000-7f8a4c000000 ---p 00000000 00:00 0 
7f8a4c000000-7f8a4e3f1000 rw-p 00000000 00:00 0 
7f8a4e3f1000-7f8a50000000 ---p 00000000 00:00 0 
7f8a500ad000-7f8a500b0000 ---p 00000000 00:00 0 
7f8a500b0000-7f8a503ae000 rw-p 00000000 00:00 0 
7f8a503ae000-7f8a503d6000 r-xp 00000000 08:01 29756038                   /usr/lib/jvm/java-8-openjdk-amd64/jre/lib/amd64/libsunec.so
7f8a503d6000-7f8a505d5000 ---p 00028000 08:01 29756038                   /usr/lib/jvm/java-8-openjdk-amd64/jre/lib/amd64/libsunec.so
7f8a505d5000-7f8a505d9000 r--p 00027000 08:01 29756038                   /usr/lib/jvm/java-8-openjdk-amd64/jre/lib/amd64/libsunec.so
7f8a505d9000-7f8a505da000 rw-p 0002b000 08:01 29756038                   /usr/lib/jvm/java-8-openjdk-amd64/jre/lib/amd64/libsunec.so
7f8a505da000-7f8a507da000 rw-p 00000000 00:00 0 
7f8a507da000-7f8a507f1000 r-xp 00000000 08:01 39584016                   /lib/x86_64-linux-gnu/libresolv-2.27.so
7f8a507f1000-7f8a509f1000 ---p 00017000 08:01 39584016                   /lib/x86_64-linux-gnu/libresolv-2.27.so
7f8a509f1000-7f8a509f2000 r--p 00017000 08:01 39584016                   /lib/x86_64-linux-gnu/libresolv-2.27.so
7f8a509f2000-7f8a509f3000 rw-p 00018000 08:01 39584016                   /lib/x86_64-linux-gnu/libresolv-2.27.so
7f8a509f3000-7f8a509f5000 rw-p 00000000 00:00 0 
7f8a509f5000-7f8a509fa000 r-xp 00000000 08:01 39584003                   /lib/x86_64-linux-gnu/libnss_dns-2.27.so
7f8a509fa000-7f8a50bfa000 ---p 00005000 08:01 39584003                   /lib/x86_64-linux-gnu/libnss_dns-2.27.so
7f8a50bfa000-7f8a50bfb000 r--p 00005000 08:01 39584003                   /lib/x86_64-linux-gnu/libnss_dns-2.27.so
7f8a50bfb000-7f8a50bfc000 rw-p 00006000 08:01 39584003                   /lib/x86_64-linux-gnu/libnss_dns-2.27.so
7f8a50bfc000-7f8a50bfe000 r-xp 00000000 08:01 39584108                   /lib/x86_64-linux-gnu/libnss_mdns4_minimal.so.2
7f8a50bfe000-7f8a50dfd000 ---p 00002000 08:01 39584108                   /lib/x86_64-linux-gnu/libnss_mdns4_minimal.so.2
7f8a50dfd000-7f8a50dfe000 r--p 00001000 08:01 39584108                   /lib/x86_64-linux-gnu/libnss_mdns4_minimal.so.2
7f8a50dfe000-7f8a50dff000 rw-p 00002000 08:01 39584108                   /lib/x86_64-linux-gnu/libnss_mdns4_minimal.so.2
7f8a50dff000-7f8a50fff000 rw-p 00000000 00:00 0 
7f8a50fff000-7f8a54000000 rw-p 00000000 00:00 0 
7f8a54000000-7f8a54021000 rw-p 00000000 00:00 0 
7f8a54021000-7f8a58000000 ---p 00000000 00:00 0 
7f8a58000000-7f8a58021000 rw-p 00000000 00:00 0 
7f8a58021000-7f8a5c000000 ---p 00000000 00:00 0 
7f8a5c000000-7f8a5c021000 rw-p 00000000 00:00 0 
7f8a5c021000-7f8a60000000 ---p 00000000 00:00 0 
7f8a60000000-7f8a60021000 rw-p 00000000 00:00 0 
7f8a60021000-7f8a64000000 ---p 00000000 00:00 0 
7f8a64000000-7f8a64021000 rw-p 00000000 00:00 0 
7f8a64021000-7f8a68000000 ---p 00000000 00:00 0 
7f8a68000000-7f8a68021000 rw-p 00000000 00:00 0 
7f8a68021000-7f8a6c000000 ---p 00000000 00:00 0 
7f8a6c000000-7f8a6c021000 rw-p 00000000 00:00 0 
7f8a6c021000-7f8a70000000 ---p 00000000 00:00 0 
7f8a70089000-7f8a7008c000 ---p 00000000 00:00 0 
7f8a7008c000-7f8a7018a000 rw-p 00000000 00:00 0 
7f8a7018a000-7f8a7018f000 r--s 002f9000 08:01 29756048                   /usr/lib/jvm/java-8-openjdk-amd64/jre/lib/charsets.jar
7f8a7018f000-7f8a70191000 r--s 00016000 08:01 29757307                   /usr/lib/jvm/java-8-openjdk-amd64/jre/lib/jce.jar
7f8a70191000-7f8a70391000 rw-p 00000000 00:00 0 
7f8a70391000-7f8a70394000 ---p 00000000 00:00 0 
7f8a70394000-7f8a70692000 rw-p 00000000 00:00 0 
7f8a70692000-7f8a70695000 ---p 00000000 00:00 0 
7f8a70695000-7f8a70793000 rw-p 00000000 00:00 0 
7f8a70793000-7f8a70796000 ---p 00000000 00:00 0 
7f8a70796000-7f8a70a94000 rw-p 00000000 00:00 0 
7f8a70a94000-7f8a70a99000 r--s 000a3000 08:01 29757309                   /usr/lib/jvm/java-8-openjdk-amd64/jre/lib/jsse.jar
7f8a70a99000-7f8a70c99000 rw-p 00000000 00:00 0 
7f8a70c99000-7f8a70e99000 rw-p 00000000 00:00 0 
7f8a70e99000-7f8a71099000 rw-p 00000000 00:00 0 
7f8a71099000-7f8a71299000 rw-p 00000000 00:00 0 
7f8a71299000-7f8a712aa000 r-xp 00000000 08:01 29755675                   /usr/lib/jvm/java-8-openjdk-amd64/jre/lib/amd64/libnio.so
7f8a712aa000-7f8a714a9000 ---p 00011000 08:01 29755675                   /usr/lib/jvm/java-8-openjdk-amd64/jre/lib/amd64/libnio.so
7f8a714a9000-7f8a714aa000 r--p 00010000 08:01 29755675                   /usr/lib/jvm/java-8-openjdk-amd64/jre/lib/amd64/libnio.so
7f8a714aa000-7f8a714ab000 rw-p 00011000 08:01 29755675                   /usr/lib/jvm/java-8-openjdk-amd64/jre/lib/amd64/libnio.so
7f8a714ab000-7f8a716ab000 rw-p 00000000 00:00 0 
7f8a716ab000-7f8a718ab000 rw-p 00000000 00:00 0 
7f8a718ab000-7f8a71aab000 rw-p 00000000 00:00 0 
7f8a71aab000-7f8a71ab4000 r-xp 00000000 08:01 29755666                   /usr/lib/jvm/java-8-openjdk-amd64/jre/lib/amd64/libmanagement.so
7f8a71ab4000-7f8a71cb3000 ---p 00009000 08:01 29755666                   /usr/lib/jvm/java-8-openjdk-amd64/jre/lib/amd64/libmanagement.so
7f8a71cb3000-7f8a71cb4000 r--p 00008000 08:01 29755666                   /usr/lib/jvm/java-8-openjdk-amd64/jre/lib/amd64/libmanagement.so
7f8a71cb4000-7f8a71cb5000 rw-p 00009000 08:01 29755666                   /usr/lib/jvm/java-8-openjdk-amd64/jre/lib/amd64/libmanagement.so
7f8a71cb5000-7f8a71eb5000 rw-p 00000000 00:00 0 
7f8a71eb5000-7f8a720b5000 rw-p 00000000 00:00 0 
7f8a720b5000-7f8a720b8000 ---p 00000000 00:00 0 
7f8a720b8000-7f8a721b6000 rw-p 00000000 00:00 0 
7f8a721b6000-7f8a721b9000 ---p 00000000 00:00 0 
7f8a721b9000-7f8a722b7000 rw-p 00000000 00:00 0 
7f8a722b7000-7f8a722b8000 ---p 00000000 00:00 0 
7f8a722b8000-7f8a723b8000 rw-p 00000000 00:00 0 
7f8a723b8000-7f8a723bb000 ---p 00000000 00:00 0 
7f8a723bb000-7f8a724b9000 rw-p 00000000 00:00 0 
7f8a724b9000-7f8a724ba000 ---p 00000000 00:00 0 
7f8a724ba000-7f8a724bd000 ---p 00000000 00:00 0 
7f8a724bd000-7f8a725ba000 rw-p 00000000 00:00 0 
7f8a725ba000-7f8a725bb000 ---p 00000000 00:00 0 
7f8a725bb000-7f8a725be000 ---p 00000000 00:00 0 
7f8a725be000-7f8a726bb000 rw-p 00000000 00:00 0 
7f8a726bb000-7f8a726d1000 r-xp 00000000 08:01 29755674                   /usr/lib/jvm/java-8-openjdk-amd64/jre/lib/amd64/libnet.so
7f8a726d1000-7f8a728d0000 ---p 00016000 08:01 29755674                   /usr/lib/jvm/java-8-openjdk-amd64/jre/lib/amd64/libnet.so
7f8a728d0000-7f8a728d1000 r--p 00015000 08:01 29755674                   /usr/lib/jvm/java-8-openjdk-amd64/jre/lib/amd64/libnet.so
7f8a728d1000-7f8a728d2000 rw-p 00016000 08:01 29755674                   /usr/lib/jvm/java-8-openjdk-amd64/jre/lib/amd64/libnet.so
7f8a728d2000-7f8a728d3000 ---p 00000000 00:00 0 
7f8a728d3000-7f8a728d6000 ---p 00000000 00:00 0 
7f8a728d6000-7f8a729d3000 rw-p 00000000 00:00 0 
7f8a729d3000-7f8a729d6000 ---p 00000000 00:00 0 
7f8a729d6000-7f8a72ad4000 rw-p 00000000 00:00 0 
7f8a72ad4000-7f8a72ad7000 r--s 0001c000 08:01 8923540                    /opt/idea/lib/idea_rt.jar
7f8a72ad7000-7f8a72add000 r--s 000d6000 08:01 19137452                   /home/lamija/.m2/repository/org/webjars/bower/github-com-polymer-polymer/2.0.0-rc.9/github-com-polymer-polymer-2.0.0-rc.9.jar
7f8a72add000-7f8a72af4000 r--s 000aa000 08:01 19137420                   /home/lamija/.m2/repository/com/aliyun/aliyun-java-sdk-ecs/4.2.0/aliyun-java-sdk-ecs-4.2.0.jar
7f8a72af4000-7f8a72af6000 r--s 00002000 08:01 19137421                   /home/lamija/.m2/repository/com/aliyun/aliyun-java-sdk-sts/3.0.0/aliyun-java-sdk-sts-3.0.0.jar
7f8a72af6000-7f8a72afe000 r--s 0002d000 08:01 19137414                   /home/lamija/.m2/repository/com/aliyun/aliyun-java-sdk-ram/3.0.0/aliyun-java-sdk-ram-3.0.0.jar
7f8a72afe000-7f8a72b01000 r--s 0001a000 08:01 19137417                   /home/lamija/.m2/repository/com/aliyun/aliyun-java-sdk-core/3.4.0/aliyun-java-sdk-core-3.4.0.jar
7f8a72b01000-7f8a72b03000 r--s 00005000 08:01 19137415                   /home/lamija/.m2/repository/stax/stax-api/1.0.1/stax-api-1.0.1.jar
7f8a72b03000-7f8a72b05000 r--s 0000f000 08:01 40250178                   /home/lamija/.m2/repository/org/codehaus/jettison/jettison/1.1/jettison-1.1.jar
7f8a72b05000-7f8a72b08000 r--s 00023000 08:01 19137413                   /home/lamija/.m2/repository/org/jdom/jdom/1.1/jdom-1.1.jar
7f8a72b08000-7f8a72b0f000 r--s 0004e000 08:01 14295612                   /home/lamija/.m2/repository/commons-codec/commons-codec/1.13/commons-codec-1.13.jar
7f8a72b0f000-7f8a72b17000 r--s 00049000 08:01 13641513                   /home/lamija/.m2/repository/org/apache/httpcomponents/httpcore/4.4.13/httpcore-4.4.13.jar
7f8a72b17000-7f8a72b24000 r--s 000b1000 08:01 13245754                   /home/lamija/.m2/repository/org/apache/httpcomponents/httpclient/4.5.11/httpclient-4.5.11.jar
7f8a72b24000-7f8a72b31000 r--s 00091000 08:01 19137411                   /home/lamija/.m2/repository/com/aliyun/oss/aliyun-sdk-oss/3.8.1/aliyun-sdk-oss-3.8.1.jar
7f8a72b31000-7f8a72b33000 r--s 00009000 08:01 44439711                   /home/lamija/.m2/repository/org/slf4j/slf4j-api/1.7.30/slf4j-api-1.7.30.jar
7f8a72b33000-7f8a72b35000 r--s 00006000 08:01 18746867                   /home/lamija/.m2/repository/org/springframework/plugin/spring-plugin-core/2.0.0.RELEASE/spring-plugin-core-2.0.0.RELEASE.jar
7f8a72b35000-7f8a72b51000 r--s 0010f000 08:01 18745464                   /home/lamija/.m2/repository/org/springframework/spring-context/5.2.4.RELEASE/spring-context-5.2.4.RELEASE.jar
7f8a72b51000-7f8a72b5e000 r--s 0009b000 08:01 18745472                   /home/lamija/.m2/repository/org/springframework/spring-beans/5.2.4.RELEASE/spring-beans-5.2.4.RELEASE.jar
7f8a72b5e000-7f8a72b68000 r--s 00052000 08:01 18745468                   /home/lamija/.m2/repository/org/springframework/spring-aop/5.2.4.RELEASE/spring-aop-5.2.4.RELEASE.jar
7f8a72b68000-7f8a72b73000 r--s 00075000 08:01 18746936                   /home/lamija/.m2/repository/org/springframework/hateoas/spring-hateoas/1.0.3.RELEASE/spring-hateoas-1.0.3.RELEASE.jar
7f8a72b73000-7f8a72b74000 r--s 00005000 08:01 18745494                   /home/lamija/.m2/repository/org/springframework/spring-jcl/5.2.4.RELEASE/spring-jcl-5.2.4.RELEASE.jar
7f8a72b74000-7f8a72b90000 r--s 00145000 08:01 18745542                   /home/lamija/.m2/repository/org/springframework/spring-core/5.2.4.RELEASE/spring-core-5.2.4.RELEASE.jar
7f8a72b90000-7f8a72b94000 r--s 00019000 08:01 18745508                   /home/lamija/.m2/repository/jakarta/xml/bind/jakarta.xml.bind-api/2.3.2/jakarta.xml.bind-api-2.3.2.jar
7f8a72b94000-7f8a72b96000 r--s 0000c000 08:01 18745506                   /home/lamija/.m2/repository/org/ow2/asm/asm/5.0.4/asm-5.0.4.jar
7f8a72b96000-7f8a72b98000 r--s 00006000 08:01 18745504                   /home/lamija/.m2/repository/net/minidev/accessors-smart/1.2/accessors-smart-1.2.jar
7f8a72b98000-7f8a72b9b000 r--s 0001b000 08:01 18745477                   /home/lamija/.m2/repository/net/minidev/json-smart/2.3/json-smart-2.3.jar
7f8a72b9b000-7f8a72ba1000 r--s 00031000 08:01 7214507                    /home/lamija/.m2/repository/com/jayway/jsonpath/json-path/2.4.0/json-path-2.4.0.jar
7f8a72ba1000-7f8a72bb9000 r--s 0019f000 08:01 18747171                   /home/lamija/.m2/repository/org/projectlombok/lombok/1.18.12/lombok-1.18.12.jar
7f8a72bb9000-7f8a72bd2000 r--s 00227000 08:01 18747173                   /home/lamija/.m2/repository/mysql/mysql-connector-java/8.0.19/mysql-connector-java-8.0.19.jar
7f8a72bd2000-7f8a72bd7000 r--s 00040000 08:01 18745474                   /home/lamija/.m2/repository/org/springframework/spring-expression/5.2.4.RELEASE/spring-expression-5.2.4.RELEASE.jar
7f8a72bd7000-7f8a72be9000 r--s 000d6000 08:01 18746940                   /home/lamija/.m2/repository/org/springframework/spring-webmvc/5.2.4.RELEASE/spring-webmvc-5.2.4.RELEASE.jar
7f8a72be9000-7f8a72c06000 r--s 00142000 08:01 18746894                   /home/lamija/.m2/repository/org/springframework/spring-web/5.2.4.RELEASE/spring-web-5.2.4.RELEASE.jar
7f8a72c06000-7f8a72c23000 r--s 000fe000 08:01 18746926                   /home/lamija/.m2/repository/org/hibernate/validator/hibernate-validator/6.0.18.Final/hibernate-validator-6.0.18.Final.jar
7f8a72c23000-7f8a72c28000 r--s 00012000 08:01 18746924                   /home/lamija/.m2/repository/jakarta/validation/jakarta.validation-api/2.0.2/jakarta.validation-api-2.0.2.jar
7f8a72c28000-7f8a72c29000 r--s 00000000 08:01 18746922                   /home/lamija/.m2/repository/org/springframework/boot/spring-boot-starter-validation/2.2.5.RELEASE/spring-boot-starter-validation-2.2.5.RELEASE.jar
7f8a72c29000-7f8a72c2e000 r--s 0003c000 08:01 18746920                   /home/lamija/.m2/repository/org/apache/tomcat/embed/tomcat-embed-websocket/9.0.31/tomcat-embed-websocket-9.0.31.jar
7f8a72c2e000-7f8a72c32000 r--s 0003a000 08:01 18746918                   /home/lamija/.m2/repository/org/apache/tomcat/embed/tomcat-embed-el/9.0.31/tomcat-embed-el-9.0.31.jar
7f8a72c32000-7f8a72c5d000 r--s 00304000 08:01 18746901                   /home/lamija/.m2/repository/org/apache/tomcat/embed/tomcat-embed-core/9.0.31/tomcat-embed-core-9.0.31.jar
7f8a72c5d000-7f8a72c5e000 r--s 00000000 08:01 18746869                   /home/lamija/.m2/repository/org/springframework/boot/spring-boot-starter-tomcat/2.2.5.RELEASE/spring-boot-starter-tomcat-2.2.5.RELEASE.jar
7f8a72c5e000-7f8a72c60000 r--s 00001000 08:01 10756562                   /home/lamija/.m2/repository/com/fasterxml/jackson/module/jackson-module-parameter-names/2.10.2/jackson-module-parameter-names-2.10.2.jar
7f8a72c60000-7f8a72c63000 r--s 00017000 08:01 10489493                   /home/lamija/.m2/repository/com/fasterxml/jackson/datatype/jackson-datatype-jsr310/2.10.2/jackson-datatype-jsr310-2.10.2.jar
7f8a72c63000-7f8a72c65000 r--s 00007000 08:01 7090666                    /home/lamija/.m2/repository/com/fasterxml/jackson/datatype/jackson-datatype-jdk8/2.10.2/jackson-datatype-jdk8-2.10.2.jar
7f8a72c65000-7f8a72c6a000 r--s 00051000 08:01 6825940                    /home/lamija/.m2/repository/com/fasterxml/jackson/core/jackson-core/2.10.2/jackson-core-2.10.2.jar
7f8a72c6a000-7f8a72c6d000 r--s 0000e000 08:01 44701737                   /home/lamija/.m2/repository/com/fasterxml/jackson/core/jackson-annotations/2.10.2/jackson-annotations-2.10.2.jar
7f8a72c6d000-7f8a72c82000 r--s 00142000 08:01 44312035                   /home/lamija/.m2/repository/com/fasterxml/jackson/core/jackson-databind/2.10.2/jackson-databind-2.10.2.jar
7f8a72c82000-7f8a72c83000 r--s 00000000 08:01 18746915                   /home/lamija/.m2/repository/org/springframework/boot/spring-boot-starter-json/2.2.5.RELEASE/spring-boot-starter-json-2.2.5.RELEASE.jar
7f8a72c83000-7f8a72c8a000 r--s 00044000 08:01 18745496                   /home/lamija/.m2/repository/org/yaml/snakeyaml/1.25/snakeyaml-1.25.jar
7f8a72c8a000-7f8a72c8c000 r--s 00005000 08:01 18745492                   /home/lamija/.m2/repository/jakarta/annotation/jakarta.annotation-api/1.3.5/jakarta.annotation-api-1.3.5.jar
7f8a72c8c000-7f8a72c8e000 r--s 00000000 08:01 5889                       /home/lamija/.m2/repository/org/slf4j/jul-to-slf4j/1.7.30/jul-to-slf4j-1.7.30.jar
7f8a72c8e000-7f8a72c94000 r--s 0003e000 08:01 18745490                   /home/lamija/.m2/repository/org/apache/logging/log4j/log4j-api/2.12.1/log4j-api-2.12.1.jar
7f8a72c94000-7f8a72c96000 r--s 00003000 08:01 18745488                   /home/lamija/.m2/repository/org/apache/logging/log4j/log4j-to-slf4j/2.12.1/log4j-to-slf4j-2.12.1.jar
7f8a72c96000-7f8a72ca1000 r--s 00069000 08:01 18745486                   /home/lamija/.m2/repository/ch/qos/logback/logback-core/1.2.3/logback-core-1.2.3.jar
7f8a72ca1000-7f8a72ca7000 r--s 00041000 08:01 18745484                   /home/lamija/.m2/repository/ch/qos/logback/logback-classic/1.2.3/logback-classic-1.2.3.jar
7f8a72ca7000-7f8a72ca8000 r--s 00000000 08:01 18745465                   /home/lamija/.m2/repository/org/springframework/boot/spring-boot-starter-logging/2.2.5.RELEASE/spring-boot-starter-logging-2.2.5.RELEASE.jar
7f8a72ca8000-7f8a72cd0000 r--s 0012c000 08:01 18745478                   /home/lamija/.m2/repository/org/springframework/boot/spring-boot-autoconfigure/2.2.5.RELEASE/spring-boot-autoconfigure-2.2.5.RELEASE.jar
7f8a72cd0000-7f8a72ce7000 r--s 000e9000 08:01 18745469                   /home/lamija/.m2/repository/org/springframework/boot/spring-boot/2.2.5.RELEASE/spring-boot-2.2.5.RELEASE.jar
7f8a72ce7000-7f8a72ce8000 r--s 00000000 08:01 18745498                   /home/lamija/.m2/repository/org/springframework/boot/spring-boot-starter/2.2.5.RELEASE/spring-boot-starter-2.2.5.RELEASE.jar
7f8a72ce8000-7f8a72ce9000 r--s 00000000 08:01 18746912                   /home/lamija/.m2/repository/org/springframework/boot/spring-boot-starter-web/2.2.5.RELEASE/spring-boot-starter-web-2.2.5.RELEASE.jar
7f8a72ce9000-7f8a72ceb000 r--s 0000a000 08:01 18746906                   /home/lamija/.m2/repository/org/springframework/spring-aspects/5.2.4.RELEASE/spring-aspects-5.2.4.RELEASE.jar
7f8a72ceb000-7f8a72cf4000 r--s 00044000 08:01 18746562                   /home/lamija/.m2/repository/org/springframework/spring-tx/5.2.4.RELEASE/spring-tx-5.2.4.RELEASE.jar
7f8a72cf4000-7f8a72d0d000 r--s 00110000 08:01 18746560                   /home/lamija/.m2/repository/org/springframework/data/spring-data-commons/2.2.5.RELEASE/spring-data-commons-2.2.5.RELEASE.jar
7f8a72d0d000-7f8a72d15000 r--s 00052000 08:01 18746900                   /home/lamija/.m2/repository/org/springframework/data/spring-data-jpa/2.2.5.RELEASE/spring-data-jpa-2.2.5.RELEASE.jar
7f8a72d15000-7f8a72d5d000 r--s 002eb000 08:01 18745523                   /home/lamija/.m2/repository/net/bytebuddy/byte-buddy/1.10.8/byte-buddy-1.10.8.jar
7f8a72d5d000-7f8a72de3000 r--s 00653000 08:01 18746881                   /home/lamija/.m2/repository/org/hibernate/hibernate-core/5.4.12.Final/hibernate-core-5.4.12.Final.jar
7f8a72de3000-7f8a72de6000 ---p 00000000 00:00 0 
7f8a72de6000-7f8a72ee4000 rw-p 00000000 00:00 0 
7f8a72ee4000-7f8a732f3000 r--p 00000000 08:01 29624045                   /usr/lib/locale/locale-archive
7f8a732f3000-7f8a732f6000 ---p 00000000 00:00 0 
7f8a732f6000-7f8a733f4000 rw-p 00000000 00:00 0 
7f8a733f4000-7f8a733f7000 ---p 00000000 00:00 0 
7f8a733f7000-7f8a734f5000 rw-p 00000000 00:00 0 
7f8a734f5000-7f8a734f6000 ---p 00000000 00:00 0 
7f8a734f6000-7f8a74000000 rw-p 00000000 00:00 0 
7f8a74000000-7f8a74021000 rw-p 00000000 00:00 0 
7f8a74021000-7f8a78000000 ---p 00000000 00:00 0 
7f8a78000000-7f8a78005000 r--s 0002d000 08:01 18746902                   /home/lamija/.m2/repository/org/springframework/spring-orm/5.2.4.RELEASE/spring-orm-5.2.4.RELEASE.jar
7f8a78005000-7f8a7800a000 r--s 00049000 08:01 9845616                    /home/lamija/.m2/repository/com/sun/xml/fastinfoset/FastInfoset/1.2.16/FastInfoset-1.2.16.jar
7f8a7800a000-7f8a7800c000 r--s 00008000 08:01 18746898                   /home/lamija/.m2/repository/org/jvnet/staxex/stax-ex/1.8.1/stax-ex-1.8.1.jar
7f8a7800c000-7f8a7800e000 r--s 00005000 08:01 9187495                    /home/lamija/.m2/repository/com/sun/istack/istack-commons-runtime/3.0.8/istack-commons-runtime-3.0.8.jar
7f8a7800e000-7f8a78010000 r--s 00010000 08:01 18746896                   /home/lamija/.m2/repository/org/glassfish/jaxb/txw2/2.3.2/txw2-2.3.2.jar
7f8a78010000-7f8a78025000 r--s 000e3000 08:01 18746883                   /home/lamija/.m2/repository/org/glassfish/jaxb/jaxb-runtime/2.3.2/jaxb-runtime-2.3.2.jar
7f8a78025000-7f8a78028000 r--s 00010000 08:01 18746892                   /home/lamija/.m2/repository/org/hibernate/common/hibernate-commons-annotations/5.1.0.Final/hibernate-commons-annotations-5.1.0.Final.jar
7f8a78028000-7f8a7802d000 r--s 0004b000 08:01 18746890                   /home/lamija/.m2/repository/org/dom4j/dom4j/2.1.1/dom4j-2.1.1.jar
7f8a7802d000-7f8a7802f000 r--s 0000f000 08:01 44180332                   /home/lamija/.m2/repository/com/fasterxml/classmate/1.5.1/classmate-1.5.1.jar
7f8a7802f000-7f8a78032000 r--s 0002d000 08:01 18746888                   /home/lamija/.m2/repository/org/jboss/jandex/2.1.1.Final/jandex-2.1.1.Final.jar
7f8a78032000-7f8a78037000 r--s 00068000 08:01 18746886                   /home/lamija/.m2/repository/antlr/antlr/2.7.7/antlr-2.7.7.jar
7f8a78037000-7f8a78041000 r--s 000b4000 08:01 18746884                   /home/lamija/.m2/repository/org/javassist/javassist/3.24.0-GA/javassist-3.24.0-GA.jar
7f8a78041000-7f8a78043000 r--s 0000d000 08:01 18746928                   /home/lamija/.m2/repository/org/jboss/logging/jboss-logging/3.4.1.Final/jboss-logging-3.4.1.Final.jar
7f8a78043000-7f8a78044000 r--s 00003000 08:01 18746878                   /home/lamija/.m2/repository/jakarta/transaction/jakarta.transaction-api/1.3.3/jakarta.transaction-api-1.3.3.jar
7f8a78044000-7f8a7804e000 r--s 0005a000 08:01 18746904                   /home/lamija/.m2/repository/org/springframework/spring-jdbc/5.2.4.RELEASE/spring-jdbc-5.2.4.RELEASE.jar
7f8a7804e000-7f8a7c000000 rw-p 00000000 00:00 0 
7f8a7c000000-7f8a7c021000 rw-p 00000000 00:00 0 
7f8a7c021000-7f8a80000000 ---p 00000000 00:00 0 
7f8a80000000-7f8a80006000 r--s 00023000 08:01 18746868                   /home/lamija/.m2/repository/jakarta/persistence/jakarta.persistence-api/2.2.3/jakarta.persistence-api-2.2.3.jar
7f8a80006000-7f8a80008000 r--s 0000a000 08:01 18745510                   /home/lamija/.m2/repository/jakarta/activation/jakarta.activation-api/1.2.2/jakarta.activation-api-1.2.2.jar
7f8a80008000-7f8a8000b000 r--s 00023000 08:01 18746872                   /home/lamija/.m2/repository/com/zaxxer/HikariCP/3.4.2/HikariCP-3.4.2.jar
7f8a8000b000-7f8a8000c000 r--s 00000000 08:01 18746870                   /home/lamija/.m2/repository/org/springframework/boot/spring-boot-starter-jdbc/2.2.5.RELEASE/spring-boot-starter-jdbc-2.2.5.RELEASE.jar
7f8a8000c000-7f8a80025000 r--s 001da000 08:01 18746908                   /home/lamija/.m2/repository/org/aspectj/aspectjweaver/1.9.5/aspectjweaver-1.9.5.jar
7f8a80025000-7f8a80038000 r--s 00346000 08:01 29757313                   /usr/lib/jvm/java-8-openjdk-amd64/jre/lib/resources.jar
7f8a80038000-7f8a80053000 r--s 001d6000 08:01 29756169                   /usr/lib/jvm/java-8-openjdk-amd64/jre/lib/ext/nashorn.jar
7f8a80053000-7f8a80255000 rw-p 00000000 00:00 0 
7f8a80255000-7f8a80425000 r--s 03c5c000 08:01 29757314                   /usr/lib/jvm/java-8-openjdk-amd64/jre/lib/rt.jar
7f8a80425000-7f8a81000000 rw-p 00000000 00:00 0 
7f8a81000000-7f8a81fd0000 rwxp 00000000 00:00 0 
7f8a81fd0000-7f8a90000000 ---p 00000000 00:00 0 
7f8a90000000-7f8a91841000 rw-p 00000000 00:00 0 
7f8a91841000-7f8a94000000 ---p 00000000 00:00 0 
7f8a94000000-7f8a94001000 r--s 00000000 08:01 18746866                   /home/lamija/.m2/repository/org/springframework/boot/spring-boot-starter-aop/2.2.5.RELEASE/spring-boot-starter-aop-2.2.5.RELEASE.jar
7f8a94001000-7f8a94002000 r--s 00000000 08:01 18746864                   /home/lamija/.m2/repository/org/springframework/boot/spring-boot-starter-data-jpa/2.2.5.RELEASE/spring-boot-starter-data-jpa-2.2.5.RELEASE.jar
7f8a94002000-7f8a94003000 r--s 00000000 08:01 29757311                   /usr/lib/jvm/java-8-openjdk-amd64/jre/lib/management-agent.jar
7f8a94003000-7f8a94008000 r--s 000a3000 08:01 29757309                   /usr/lib/jvm/java-8-openjdk-amd64/jre/lib/jsse.jar
7f8a94008000-7f8a9400a000 r--s 00016000 08:01 29757307                   /usr/lib/jvm/java-8-openjdk-amd64/jre/lib/jce.jar
7f8a9400a000-7f8a94025000 r--s 00394000 08:01 29756152                   /usr/lib/jvm/java-8-openjdk-amd64/jre/lib/ext/cldrdata.jar
7f8a94025000-7f8a9419c000 rw-p 00000000 00:00 0 
7f8a9419c000-7f8a9419d000 ---p 00000000 00:00 0 
7f8a9419d000-7f8a9429d000 rw-p 00000000 00:00 0 
7f8a9429d000-7f8a9429e000 ---p 00000000 00:00 0 
7f8a9429e000-7f8a9439e000 rw-p 00000000 00:00 0 
7f8a9439e000-7f8a9439f000 ---p 00000000 00:00 0 
7f8a9439f000-7f8a9449f000 rw-p 00000000 00:00 0 
7f8a9449f000-7f8a944a0000 ---p 00000000 00:00 0 
7f8a944a0000-7f8a945c0000 rw-p 00000000 00:00 0 
7f8a945c0000-7f8a94832000 ---p 00000000 00:00 0 
7f8a94832000-7f8a94852000 rw-p 00000000 00:00 0 
7f8a94852000-7f8a94ac4000 ---p 00000000 00:00 0 
7f8a94ac4000-7f8a94b92000 rw-p 00000000 00:00 0 
7f8a94b92000-7f8a94c0d000 ---p 00000000 00:00 0 
7f8a94c0d000-7f8a94c4e000 rw-p 00000000 00:00 0 
7f8a94c4e000-7f8a94fce000 ---p 00000000 00:00 0 
7f8a94fce000-7f8a94fd6000 r-xp 00000000 08:01 29756044                   /usr/lib/jvm/java-8-openjdk-amd64/jre/lib/amd64/libzip.so
7f8a94fd6000-7f8a951d5000 ---p 00008000 08:01 29756044                   /usr/lib/jvm/java-8-openjdk-amd64/jre/lib/amd64/libzip.so
7f8a951d5000-7f8a951d6000 r--p 00007000 08:01 29756044                   /usr/lib/jvm/java-8-openjdk-amd64/jre/lib/amd64/libzip.so
7f8a951d6000-7f8a951d7000 rw-p 00008000 08:01 29756044                   /usr/lib/jvm/java-8-openjdk-amd64/jre/lib/amd64/libzip.so
7f8a951d7000-7f8a951e2000 r-xp 00000000 08:01 39584005                   /lib/x86_64-linux-gnu/libnss_files-2.27.so
7f8a951e2000-7f8a953e1000 ---p 0000b000 08:01 39584005                   /lib/x86_64-linux-gnu/libnss_files-2.27.so
7f8a953e1000-7f8a953e2000 r--p 0000a000 08:01 39584005                   /lib/x86_64-linux-gnu/libnss_files-2.27.so
7f8a953e2000-7f8a953e3000 rw-p 0000b000 08:01 39584005                   /lib/x86_64-linux-gnu/libnss_files-2.27.so
7f8a953e3000-7f8a953e9000 rw-p 00000000 00:00 0 
7f8a953e9000-7f8a95400000 r-xp 00000000 08:01 39583999                   /lib/x86_64-linux-gnu/libnsl-2.27.so
7f8a95400000-7f8a955ff000 ---p 00017000 08:01 39583999                   /lib/x86_64-linux-gnu/libnsl-2.27.so
7f8a955ff000-7f8a95600000 r--p 00016000 08:01 39583999                   /lib/x86_64-linux-gnu/libnsl-2.27.so
7f8a95600000-7f8a95601000 rw-p 00017000 08:01 39583999                   /lib/x86_64-linux-gnu/libnsl-2.27.so
7f8a95601000-7f8a95603000 rw-p 00000000 00:00 0 
7f8a95603000-7f8a9560e000 r-xp 00000000 08:01 39584009                   /lib/x86_64-linux-gnu/libnss_nis-2.27.so
7f8a9560e000-7f8a9580d000 ---p 0000b000 08:01 39584009                   /lib/x86_64-linux-gnu/libnss_nis-2.27.so
7f8a9580d000-7f8a9580e000 r--p 0000a000 08:01 39584009                   /lib/x86_64-linux-gnu/libnss_nis-2.27.so
7f8a9580e000-7f8a9580f000 rw-p 0000b000 08:01 39584009                   /lib/x86_64-linux-gnu/libnss_nis-2.27.so
7f8a9580f000-7f8a95817000 r-xp 00000000 08:01 39584001                   /lib/x86_64-linux-gnu/libnss_compat-2.27.so
7f8a95817000-7f8a95a17000 ---p 00008000 08:01 39584001                   /lib/x86_64-linux-gnu/libnss_compat-2.27.so
7f8a95a17000-7f8a95a18000 r--p 00008000 08:01 39584001                   /lib/x86_64-linux-gnu/libnss_compat-2.27.so
7f8a95a18000-7f8a95a19000 rw-p 00009000 08:01 39584001                   /lib/x86_64-linux-gnu/libnss_compat-2.27.so
7f8a95a19000-7f8a95a23000 r-xp 00000000 08:01 29754943                   /usr/lib/jvm/java-8-openjdk-amd64/jre/lib/amd64/libinstrument.so
7f8a95a23000-7f8a95c22000 ---p 0000a000 08:01 29754943                   /usr/lib/jvm/java-8-openjdk-amd64/jre/lib/amd64/libinstrument.so
7f8a95c22000-7f8a95c23000 r--p 00009000 08:01 29754943                   /usr/lib/jvm/java-8-openjdk-amd64/jre/lib/amd64/libinstrument.so
7f8a95c23000-7f8a95c24000 rw-p 0000a000 08:01 29754943                   /usr/lib/jvm/java-8-openjdk-amd64/jre/lib/amd64/libinstrument.so
7f8a95c24000-7f8a95c4e000 r-xp 00000000 08:01 29754948                   /usr/lib/jvm/java-8-openjdk-amd64/jre/lib/amd64/libjava.so
7f8a95c4e000-7f8a95e4d000 ---p 0002a000 08:01 29754948                   /usr/lib/jvm/java-8-openjdk-amd64/jre/lib/amd64/libjava.so
7f8a95e4d000-7f8a95e4e000 r--p 00029000 08:01 29754948                   /usr/lib/jvm/java-8-openjdk-amd64/jre/lib/amd64/libjava.so
7f8a95e4e000-7f8a95e50000 rw-p 0002a000 08:01 29754948                   /usr/lib/jvm/java-8-openjdk-amd64/jre/lib/amd64/libjava.so
7f8a95e50000-7f8a95e60000 r-xp 00000000 08:01 29756042                   /usr/lib/jvm/java-8-openjdk-amd64/jre/lib/amd64/libverify.so
7f8a95e60000-7f8a9605f000 ---p 00010000 08:01 29756042                   /usr/lib/jvm/java-8-openjdk-amd64/jre/lib/amd64/libverify.so
7f8a9605f000-7f8a96061000 r--p 0000f000 08:01 29756042                   /usr/lib/jvm/java-8-openjdk-amd64/jre/lib/amd64/libverify.so
7f8a96061000-7f8a96062000 rw-p 00011000 08:01 29756042                   /usr/lib/jvm/java-8-openjdk-amd64/jre/lib/amd64/libverify.so
7f8a96062000-7f8a96069000 r-xp 00000000 08:01 39584017                   /lib/x86_64-linux-gnu/librt-2.27.so
7f8a96069000-7f8a96268000 ---p 00007000 08:01 39584017                   /lib/x86_64-linux-gnu/librt-2.27.so
7f8a96268000-7f8a96269000 r--p 00006000 08:01 39584017                   /lib/x86_64-linux-gnu/librt-2.27.so
7f8a96269000-7f8a9626a000 rw-p 00007000 08:01 39584017                   /lib/x86_64-linux-gnu/librt-2.27.so
7f8a9626a000-7f8a96281000 r-xp 00000000 08:01 39583819                   /lib/x86_64-linux-gnu/libgcc_s.so.1
7f8a96281000-7f8a96480000 ---p 00017000 08:01 39583819                   /lib/x86_64-linux-gnu/libgcc_s.so.1
7f8a96480000-7f8a96481000 r--p 00016000 08:01 39583819                   /lib/x86_64-linux-gnu/libgcc_s.so.1
7f8a96481000-7f8a96482000 rw-p 00017000 08:01 39583819                   /lib/x86_64-linux-gnu/libgcc_s.so.1
7f8a96482000-7f8a9661f000 r-xp 00000000 08:01 39583992                   /lib/x86_64-linux-gnu/libm-2.27.so
7f8a9661f000-7f8a9681e000 ---p 0019d000 08:01 39583992                   /lib/x86_64-linux-gnu/libm-2.27.so
7f8a9681e000-7f8a9681f000 r--p 0019c000 08:01 39583992                   /lib/x86_64-linux-gnu/libm-2.27.so
7f8a9681f000-7f8a96820000 rw-p 0019d000 08:01 39583992                   /lib/x86_64-linux-gnu/libm-2.27.so
7f8a96820000-7f8a96999000 r-xp 00000000 08:01 29622389                   /usr/lib/x86_64-linux-gnu/libstdc++.so.6.0.25
7f8a96999000-7f8a96b99000 ---p 00179000 08:01 29622389                   /usr/lib/x86_64-linux-gnu/libstdc++.so.6.0.25
7f8a96b99000-7f8a96ba3000 r--p 00179000 08:01 29622389                   /usr/lib/x86_64-linux-gnu/libstdc++.so.6.0.25
7f8a96ba3000-7f8a96ba5000 rw-p 00183000 08:01 29622389                   /usr/lib/x86_64-linux-gnu/libstdc++.so.6.0.25
7f8a96ba5000-7f8a96ba9000 rw-p 00000000 00:00 0 
7f8a96ba9000-7f8a97848000 r-xp 00000000 08:01 29756047                   /usr/lib/jvm/java-8-openjdk-amd64/jre/lib/amd64/server/libjvm.so
7f8a97848000-7f8a97a48000 ---p 00c9f000 08:01 29756047                   /usr/lib/jvm/java-8-openjdk-amd64/jre/lib/amd64/server/libjvm.so
7f8a97a48000-7f8a97adc000 r--p 00c9f000 08:01 29756047                   /usr/lib/jvm/java-8-openjdk-amd64/jre/lib/amd64/server/libjvm.so
7f8a97adc000-7f8a97b05000 rw-p 00d33000 08:01 29756047                   /usr/lib/jvm/java-8-openjdk-amd64/jre/lib/amd64/server/libjvm.so
7f8a97b05000-7f8a97b35000 rw-p 00000000 00:00 0 
7f8a97b35000-7f8a97b4f000 r-xp 00000000 08:01 39584015                   /lib/x86_64-linux-gnu/libpthread-2.27.so
7f8a97b4f000-7f8a97d4e000 ---p 0001a000 08:01 39584015                   /lib/x86_64-linux-gnu/libpthread-2.27.so
7f8a97d4e000-7f8a97d4f000 r--p 00019000 08:01 39584015                   /lib/x86_64-linux-gnu/libpthread-2.27.so
7f8a97d4f000-7f8a97d50000 rw-p 0001a000 08:01 39584015                   /lib/x86_64-linux-gnu/libpthread-2.27.so
7f8a97d50000-7f8a97d54000 rw-p 00000000 00:00 0 
7f8a97d54000-7f8a97d57000 r-xp 00000000 08:01 39583990                   /lib/x86_64-linux-gnu/libdl-2.27.so
7f8a97d57000-7f8a97f56000 ---p 00003000 08:01 39583990                   /lib/x86_64-linux-gnu/libdl-2.27.so
7f8a97f56000-7f8a97f57000 r--p 00002000 08:01 39583990                   /lib/x86_64-linux-gnu/libdl-2.27.so
7f8a97f57000-7f8a97f58000 rw-p 00003000 08:01 39583990                   /lib/x86_64-linux-gnu/libdl-2.27.so
7f8a97f58000-7f8a97f74000 r-xp 00000000 08:01 39584097                   /lib/x86_64-linux-gnu/libz.so.1.2.11
7f8a97f74000-7f8a98173000 ---p 0001c000 08:01 39584097                   /lib/x86_64-linux-gnu/libz.so.1.2.11
7f8a98173000-7f8a98174000 r--p 0001b000 08:01 39584097                   /lib/x86_64-linux-gnu/libz.so.1.2.11
7f8a98174000-7f8a98175000 rw-p 0001c000 08:01 39584097                   /lib/x86_64-linux-gnu/libz.so.1.2.11
7f8a98175000-7f8a9835c000 r-xp 00000000 08:01 39583984                   /lib/x86_64-linux-gnu/libc-2.27.so
7f8a9835c000-7f8a9855c000 ---p 001e7000 08:01 39583984                   /lib/x86_64-linux-gnu/libc-2.27.so
7f8a9855c000-7f8a98560000 r--p 001e7000 08:01 39583984                   /lib/x86_64-linux-gnu/libc-2.27.so
7f8a98560000-7f8a98562000 rw-p 001eb000 08:01 39583984                   /lib/x86_64-linux-gnu/libc-2.27.so
7f8a98562000-7f8a98566000 rw-p 00000000 00:00 0 
7f8a98566000-7f8a98574000 r-xp 00000000 08:01 29754934                   /usr/lib/jvm/java-8-openjdk-amd64/jre/lib/amd64/jli/libjli.so
7f8a98574000-7f8a98773000 ---p 0000e000 08:01 29754934                   /usr/lib/jvm/java-8-openjdk-amd64/jre/lib/amd64/jli/libjli.so
7f8a98773000-7f8a98774000 r--p 0000d000 08:01 29754934                   /usr/lib/jvm/java-8-openjdk-amd64/jre/lib/amd64/jli/libjli.so
7f8a98774000-7f8a98775000 rw-p 0000e000 08:01 29754934                   /usr/lib/jvm/java-8-openjdk-amd64/jre/lib/amd64/jli/libjli.so
7f8a98775000-7f8a9879c000 r-xp 00000000 08:01 39583976                   /lib/x86_64-linux-gnu/ld-2.27.so
7f8a9879c000-7f8a987a1000 r--s 002f9000 08:01 29756048                   /usr/lib/jvm/java-8-openjdk-amd64/jre/lib/charsets.jar
7f8a987a1000-7f8a987a4000 r--s 0000f000 08:01 29756156                   /usr/lib/jvm/java-8-openjdk-amd64/jre/lib/ext/icedtea-sound.jar
7f8a987a4000-7f8a987a9000 r--s 0003c000 08:01 29756179                   /usr/lib/jvm/java-8-openjdk-amd64/jre/lib/ext/sunjce_provider.jar
7f8a987a9000-7f8a98852000 rw-p 00000000 00:00 0 
7f8a98852000-7f8a98853000 ---p 00000000 00:00 0 
7f8a98853000-7f8a98856000 ---p 00000000 00:00 0 
7f8a98856000-7f8a98955000 rw-p 00000000 00:00 0 
7f8a98955000-7f8a98957000 r--s 00001000 08:01 29756154                   /usr/lib/jvm/java-8-openjdk-amd64/jre/lib/ext/dnsns.jar
7f8a98957000-7f8a98958000 r--s 0000d000 08:01 29756175                   /usr/lib/jvm/java-8-openjdk-amd64/jre/lib/ext/sunec.jar
7f8a98958000-7f8a9895a000 r--s 00007000 08:01 30278591                   /usr/share/java/java-atk-wrapper.jar
7f8a9895a000-7f8a9895b000 r--s 00010000 08:01 29757293                   /usr/lib/jvm/java-8-openjdk-amd64/jre/lib/ext/zipfs.jar
7f8a9895b000-7f8a9895c000 r--s 0000a000 08:01 29756159                   /usr/lib/jvm/java-8-openjdk-amd64/jre/lib/ext/jaccess.jar
7f8a9895c000-7f8a9895f000 r--s 00039000 08:01 29756232                   /usr/lib/jvm/java-8-openjdk-amd64/jre/lib/ext/sunpkcs11.jar
7f8a9895f000-7f8a98969000 r--s 00116000 08:01 29756161                   /usr/lib/jvm/java-8-openjdk-amd64/jre/lib/ext/localedata.jar
7f8a98969000-7f8a98990000 rw-p 00000000 00:00 0 
7f8a98990000-7f8a98998000 rw-s 00000000 08:01 18880649                   /tmp/hsperfdata_lamija/7215
7f8a98998000-7f8a98999000 rw-p 00000000 00:00 0 
7f8a98999000-7f8a9899a000 ---p 00000000 00:00 0 
7f8a9899a000-7f8a9899c000 rw-p 00000000 00:00 0 
7f8a9899c000-7f8a9899d000 r--p 00027000 08:01 39583976                   /lib/x86_64-linux-gnu/ld-2.27.so
7f8a9899d000-7f8a9899e000 rw-p 00028000 08:01 39583976                   /lib/x86_64-linux-gnu/ld-2.27.so
7f8a9899e000-7f8a9899f000 rw-p 00000000 00:00 0 
7ffc7a3e6000-7ffc7a409000 rw-p 00000000 00:00 0                          [stack]
7ffc7a4e1000-7ffc7a4e4000 r--p 00000000 00:00 0                          [vvar]
7ffc7a4e4000-7ffc7a4e6000 r-xp 00000000 00:00 0                          [vdso]
ffffffffff600000-ffffffffff601000 r-xp 00000000 00:00 0                  [vsyscall]

VM Arguments:
jvm_args: -javaagent:/opt/idea/lib/idea_rt.jar=46022:/opt/idea/bin -Dfile.encoding=UTF-8 
java_command: com.example.Analytics.AnalyticsApplication
java_class_path (initial): /usr/lib/jvm/java-8-openjdk-amd64/jre/lib/charsets.jar:/usr/lib/jvm/java-8-openjdk-amd64/jre/lib/ext/cldrdata.jar:/usr/lib/jvm/java-8-openjdk-amd64/jre/lib/ext/dnsns.jar:/usr/lib/jvm/java-8-openjdk-amd64/jre/lib/ext/icedtea-sound.jar:/usr/lib/jvm/java-8-openjdk-amd64/jre/lib/ext/jaccess.jar:/usr/lib/jvm/java-8-openjdk-amd64/jre/lib/ext/java-atk-wrapper.jar:/usr/lib/jvm/java-8-openjdk-amd64/jre/lib/ext/localedata.jar:/usr/lib/jvm/java-8-openjdk-amd64/jre/lib/ext/nashorn.jar:/usr/lib/jvm/java-8-openjdk-amd64/jre/lib/ext/sunec.jar:/usr/lib/jvm/java-8-openjdk-amd64/jre/lib/ext/sunjce_provider.jar:/usr/lib/jvm/java-8-openjdk-amd64/jre/lib/ext/sunpkcs11.jar:/usr/lib/jvm/java-8-openjdk-amd64/jre/lib/ext/zipfs.jar:/usr/lib/jvm/java-8-openjdk-amd64/jre/lib/jce.jar:/usr/lib/jvm/java-8-openjdk-amd64/jre/lib/jsse.jar:/usr/lib/jvm/java-8-openjdk-amd64/jre/lib/management-agent.jar:/usr/lib/jvm/java-8-openjdk-amd64/jre/lib/resources.jar:/usr/lib/jvm/java-8-openjdk-amd64/jre/lib/rt.jar:/home/lamija/Documents/FAKULTET_MASTER/2_semestar/NWT/GIT_projekat/NWT_Library/Projekat3/target/classes:/home/lamija/.m2/repository/org/springframework/boot/spring-boot-starter-data-jpa/2.2.5.RELEASE/spring-boot-starter-data-jpa-2.2.5.RELEASE.jar:/home/lamija/.m2/repository/org/springframework/boot/spring-boot-starter-aop/2.2.5.RELEASE/spring-boot-starter-aop-2.2.5.RELEASE.jar:/home/lamija/.m2/repository/org/aspectj/aspectjweaver/1.9.5/aspectjweaver-1.9.5.jar:/home/lamija/.m2/repository/org/springframework/boot/spring-boot-starter-jdbc/2.2.5.RELEASE/spring-boot-starter-jdbc-2.2.5.RELEASE.jar:/home/lamija/.m2/repository/com/zaxxer/HikariCP/3.4.2/HikariCP-3.4.2.jar:/home/lamija/.m2/repository/org/springframework/spring-jdbc/5.2.4.RELEASE/spring-jdbc-5.2.4.RELEASE.jar:/home/lamija/.m2/repository/jakarta/activation/jakarta.activation-api/1.2.2/jakarta.activation-api-1.2.2.jar:/home/lamija/.m2/repository/jakarta/persistence/jakarta.persistence-api/2.2.3/jakarta.persistence-api
Launcher Type: SUN_STANDARD

Environment Variables:
PATH=/usr/local/sbin:/usr/local/bin:/usr/sbin:/usr/bin:/sbin:/bin:/usr/games:/usr/local/games:/snap/bin
SHELL=/bin/bash
DISPLAY=:0

Signal Handlers:
SIGSEGV: [libjvm.so+0xab92f0], sa_mask[0]=11111111011111111101111111111110, sa_flags=SA_RESTART|SA_SIGINFO
SIGBUS: [libjvm.so+0xab92f0], sa_mask[0]=11111111011111111101111111111110, sa_flags=SA_RESTART|SA_SIGINFO
SIGFPE: [libjvm.so+0x8ee560], sa_mask[0]=11111111011111111101111111111110, sa_flags=SA_RESTART|SA_SIGINFO
SIGPIPE: [libjvm.so+0x8ee560], sa_mask[0]=11111111011111111101111111111110, sa_flags=SA_RESTART|SA_SIGINFO
SIGXFSZ: [libjvm.so+0x8ee560], sa_mask[0]=11111111011111111101111111111110, sa_flags=SA_RESTART|SA_SIGINFO
SIGILL: [libjvm.so+0x8ee560], sa_mask[0]=11111111011111111101111111111110, sa_flags=SA_RESTART|SA_SIGINFO
SIGUSR1: SIG_DFL, sa_mask[0]=00000000000000000000000000000000, sa_flags=none
SIGUSR2: [libjvm.so+0x8ee410], sa_mask[0]=00100000000000000000000000000000, sa_flags=SA_RESTART|SA_SIGINFO
SIGHUP: [libjvm.so+0x8eea80], sa_mask[0]=11111111011111111101111111111110, sa_flags=SA_RESTART|SA_SIGINFO
SIGINT: [libjvm.so+0x8eea80], sa_mask[0]=11111111011111111101111111111110, sa_flags=SA_RESTART|SA_SIGINFO
SIGTERM: [libjvm.so+0x8eea80], sa_mask[0]=11111111011111111101111111111110, sa_flags=SA_RESTART|SA_SIGINFO
SIGQUIT: [libjvm.so+0x8eea80], sa_mask[0]=11111111011111111101111111111110, sa_flags=SA_RESTART|SA_SIGINFO


---------------  S Y S T E M  ---------------

OS:DISTRIB_ID=LinuxMint
DISTRIB_RELEASE=19
DISTRIB_CODENAME=tara
DISTRIB_DESCRIPTION="Linux Mint 19 Tara"

uname:Linux 4.4.0-116-generic #140-Ubuntu SMP Mon Feb 12 21:23:04 UTC 2018 x86_64
libc:glibc 2.27 NPTL 2.27 
rlimit: STACK 8192k, CORE 0k, NPROC 30135, NOFILE 1048576, AS infinity
load average:3,57 1,28 0,93

/proc/meminfo:
MemTotal:        8083484 kB
MemFree:          122336 kB
MemAvailable:      74316 kB
Buffers:           18500 kB
Cached:           422924 kB
SwapCached:            0 kB
Active:          7318876 kB
Inactive:         354604 kB
Active(anon):    7260424 kB
Inactive(anon):   297828 kB
Active(file):      58452 kB
Inactive(file):    56776 kB
Unevictable:         560 kB
Mlocked:             560 kB
SwapTotal:             0 kB
SwapFree:              0 kB
Dirty:               720 kB
Writeback:             0 kB
AnonPages:       7233340 kB
Mapped:           259836 kB
Shmem:            325500 kB
Slab:             120824 kB
SReclaimable:      60664 kB
SUnreclaim:        60160 kB
KernelStack:       18544 kB
PageTables:        77048 kB
NFS_Unstable:          0 kB
Bounce:                0 kB
WritebackTmp:          0 kB
CommitLimit:     4041740 kB
Committed_AS:   14238304 kB
VmallocTotal:   34359738367 kB
VmallocUsed:           0 kB
VmallocChunk:          0 kB
HardwareCorrupted:     0 kB
AnonHugePages:   2359296 kB
CmaTotal:              0 kB
CmaFree:               0 kB
HugePages_Total:       0
HugePages_Free:        0
HugePages_Rsvd:        0
HugePages_Surp:        0
Hugepagesize:       2048 kB
DirectMap4k:      201384 kB
DirectMap2M:     4950016 kB
DirectMap1G:     3145728 kB

container (cgroup) information:
container_type: cgroupv1
cpu_cpuset_cpus: 0-3
cpu_memory_nodes: 0
active_processor_count: 4
cpu_quota: -1
cpu_period: 100000
cpu_shares: -1
memory_limit_in_bytes: -1
memory_and_swap_limit_in_bytes: -2
memory_soft_limit_in_bytes: -1
memory_usage_in_bytes: 7859564544
memory_max_usage_in_bytes: 0


CPU:total 4 (initial active 4) (2 cores per cpu, 2 threads per core) family 6 model 61 stepping 4, cmov, cx8, fxsr, mmx, sse, sse2, sse3, ssse3, sse4.1, sse4.2, popcnt, avx, avx2, aes, clmul, erms, 3dnowpref, lzcnt, ht, tsc, tscinvbit, bmi1, bmi2, adx

/proc/cpuinfo:
processor	: 0
vendor_id	: GenuineIntel
cpu family	: 6
model		: 61
model name	: Intel(R) Core(TM) i5-5200U CPU @ 2.20GHz
stepping	: 4
microcode	: 0x2e
cpu MHz		: 2457.296
cache size	: 3072 KB
physical id	: 0
siblings	: 4
core id		: 0
cpu cores	: 2
apicid		: 0
initial apicid	: 0
fpu		: yes
fpu_exception	: yes
cpuid level	: 20
wp		: yes
flags		: fpu vme de pse tsc msr pae mce cx8 apic sep mtrr pge mca cmov pat pse36 clflush dts acpi mmx fxsr sse sse2 ss ht tm pbe syscall nx pdpe1gb rdtscp lm constant_tsc arch_perfmon pebs bts rep_good nopl xtopology nonstop_tsc aperfmperf eagerfpu pni pclmulqdq dtes64 monitor ds_cpl vmx est tm2 ssse3 sdbg fma cx16 xtpr pdcm pcid sse4_1 sse4_2 x2apic movbe popcnt tsc_deadline_timer aes xsave avx f16c rdrand lahf_lm abm 3dnowprefetch epb invpcid_single intel_pt spec_ctrl retpoline kaiser tpr_shadow vnmi flexpriority ept vpid fsgsbase tsc_adjust bmi1 avx2 smep bmi2 erms invpcid rdseed adx smap xsaveopt dtherm ida arat pln pts
bugs		: cpu_meltdown spectre_v1 spectre_v2
bogomips	: 4389.45
clflush size	: 64
cache_alignment	: 64
address sizes	: 39 bits physical, 48 bits virtual
power management:

processor	: 1
vendor_id	: GenuineIntel
cpu family	: 6
model		: 61
model name	: Intel(R) Core(TM) i5-5200U CPU @ 2.20GHz
stepping	: 4
microcode	: 0x2e
cpu MHz		: 2180.406
cache size	: 3072 KB
physical id	: 0
siblings	: 4
core id		: 1
cpu cores	: 2
apicid		: 2
initial apicid	: 2
fpu		: yes
fpu_exception	: yes
cpuid level	: 20
wp		: yes
flags		: fpu vme de pse tsc msr pae mce cx8 apic sep mtrr pge mca cmov pat pse36 clflush dts acpi mmx fxsr sse sse2 ss ht tm pbe syscall nx pdpe1gb rdtscp lm constant_tsc arch_perfmon pebs bts rep_good nopl xtopology nonstop_tsc aperfmperf eagerfpu pni pclmulqdq dtes64 monitor ds_cpl vmx est tm2 ssse3 sdbg fma cx16 xtpr pdcm pcid sse4_1 sse4_2 x2apic movbe popcnt tsc_deadline_timer aes xsave avx f16c rdrand lahf_lm abm 3dnowprefetch epb invpcid_single intel_pt spec_ctrl retpoline kaiser tpr_shadow vnmi flexpriority ept vpid fsgsbase tsc_adjust bmi1 avx2 smep bmi2 erms invpcid rdseed adx smap xsaveopt dtherm ida arat pln pts
bugs		: cpu_meltdown spectre_v1 spectre_v2
bogomips	: 4389.45
clflush size	: 64
cache_alignment	: 64
address sizes	: 39 bits physical, 48 bits virtual
power management:

processor	: 2
vendor_id	: GenuineIntel
cpu family	: 6
model		: 61
model name	: Intel(R) Core(TM) i5-5200U CPU @ 2.20GHz
stepping	: 4
microcode	: 0x2e
cpu MHz		: 2421.375
cache size	: 3072 KB
physical id	: 0
siblings	: 4
core id		: 0
cpu cores	: 2
apicid		: 1
initial apicid	: 1
fpu		: yes
fpu_exception	: yes
cpuid level	: 20
wp		: yes
flags		: fpu vme de pse tsc msr pae mce cx8 apic sep mtrr pge mca cmov pat pse36 clflush dts acpi mmx fxsr sse sse2 ss ht tm pbe syscall nx pdpe1gb rdtscp lm constant_tsc arch_perfmon pebs bts rep_good nopl xtopology nonstop_tsc aperfmperf eagerfpu pni pclmulqdq dtes64 monitor ds_cpl vmx est tm2 ssse3 sdbg fma cx16 xtpr pdcm pcid sse4_1 sse4_2 x2apic movbe popcnt tsc_deadline_timer aes xsave avx f16c rdrand lahf_lm abm 3dnowprefetch epb invpcid_single intel_pt spec_ctrl retpoline kaiser tpr_shadow vnmi flexpriority ept vpid fsgsbase tsc_adjust bmi1 avx2 smep bmi2 erms invpcid rdseed adx smap xsaveopt dtherm ida arat pln pts
bugs		: cpu_meltdown spectre_v1 spectre_v2
bogomips	: 4389.45
clflush size	: 64
cache_alignment	: 64
address sizes	: 39 bits physical, 48 bits virtual
power management:

processor	: 3
vendor_id	: GenuineIntel
cpu family	: 6
model		: 61
model name	: Intel(R) Core(TM) i5-5200U CPU @ 2.20GHz
stepping	: 4
microcode	: 0x2e
cpu MHz		: 2235.062
cache size	: 3072 KB
physical id	: 0
siblings	: 4
core id		: 1
cpu cores	: 2
apicid		: 3
initial apicid	: 3
fpu		: yes
fpu_exception	: yes
cpuid level	: 20
wp		: yes
flags		: fpu vme de pse tsc msr pae mce cx8 apic sep mtrr pge mca cmov pat pse36 clflush dts acpi mmx fxsr sse sse2 ss ht tm pbe syscall nx pdpe1gb rdtscp lm constant_tsc arch_perfmon pebs bts rep_good nopl xtopology nonstop_tsc aperfmperf eagerfpu pni pclmulqdq dtes64 monitor ds_cpl vmx est tm2 ssse3 sdbg fma cx16 xtpr pdcm pcid sse4_1 sse4_2 x2apic movbe popcnt tsc_deadline_timer aes xsave avx f16c rdrand lahf_lm abm 3dnowprefetch epb invpcid_single intel_pt spec_ctrl retpoline kaiser tpr_shadow vnmi flexpriority ept vpid fsgsbase tsc_adjust bmi1 avx2 smep bmi2 erms invpcid rdseed adx smap xsaveopt dtherm ida arat pln pts
bugs		: cpu_meltdown spectre_v1 spectre_v2
bogomips	: 4389.45
clflush size	: 64
cache_alignment	: 64
address sizes	: 39 bits physical, 48 bits virtual
power management:



Memory: 4k page, physical 8083484k(122336k free), swap 0k(0k free)

vm_info: OpenJDK 64-Bit Server VM (25.222-b10) for linux-amd64 JRE (1.8.0_222-8u222-b10-1ubuntu1~18.04.1-b10), built on Jul 18 2019 18:52:48 by "buildd" with gcc 7.4.0

time: Sun Mar 29 23:01:11 2020
timezone: CEST
elapsed time: 44 seconds (0d 0h 0m 44s)

